artifacts/contract-ai/twa-berry/app/build/intermediates/manifest_merge_blame_file/release/processReleaseMainManifest/manifest-merger-blame-release-report.txt
1<?xml version="1.0" encoding="utf-8"?>
2<manifest xmlns:android="http://schemas.android.com/apk/res/android"
3    package="com.contractaiscan.app"
4    android:versionCode="4"
5    android:versionName="2.1.0" >
6
7    <uses-sdk
8        android:minSdkVersion="23"
9        android:targetSdkVersion="36" />
10
11    <uses-permission android:name="android.permission.INTERNET" />
11-->src/main/AndroidManifest.xml:4:5-67
11-->src/main/AndroidManifest.xml:4:22-64
12    <uses-permission android:name="android.permission.ACCESS_NETWORK_STATE" />
12-->src/main/AndroidManifest.xml:5:5-79
12-->src/main/AndroidManifest.xml:5:22-76
13
14    <queries>
14-->[com.google.androidbrowserhelper:androidbrowserhelper:2.5.0] AndroidManifest.xml:26:5-34:15
15        <intent>
15-->[com.google.androidbrowserhelper:androidbrowserhelper:2.5.0] AndroidManifest.xml:27:9-33:18
16            <action android:name="android.intent.action.VIEW" />
16-->src/main/AndroidManifest.xml:58:17-69
16-->src/main/AndroidManifest.xml:58:25-66
17
18            <category android:name="android.intent.category.BROWSABLE" />
18-->src/main/AndroidManifest.xml:60:17-78
18-->src/main/AndroidManifest.xml:60:27-75
19
20            <data android:scheme="https" />
20-->src/main/AndroidManifest.xml:61:17-63:86
20-->src/main/AndroidManifest.xml:62:21-43
21        </intent>
22    </queries>
23
24    <uses-permission android:name="android.permission.USE_BIOMETRIC" /> <!-- suppress DeprecatedClassUsageInspection -->
24-->[androidx.biometric:biometric:1.2.0-alpha05] AndroidManifest.xml:22:5-72
24-->[androidx.biometric:biometric:1.2.0-alpha05] AndroidManifest.xml:22:22-69
25    <uses-permission android:name="android.permission.USE_FINGERPRINT" />
25-->[androidx.biometric:biometric:1.2.0-alpha05] AndroidManifest.xml:25:5-74
25-->[androidx.biometric:biometric:1.2.0-alpha05] AndroidManifest.xml:25:22-71
26    <uses-permission android:name="android.permission.WAKE_LOCK" />
26-->[androidx.work:work-runtime:2.9.0] AndroidManifest.xml:23:5-68
26-->[androidx.work:work-runtime:2.9.0] AndroidManifest.xml:23:22-65
27    <uses-permission android:name="android.permission.RECEIVE_BOOT_COMPLETED" />
27-->[androidx.work:work-runtime:2.9.0] AndroidManifest.xml:25:5-81
27-->[androidx.work:work-runtime:2.9.0] AndroidManifest.xml:25:22-78
28    <uses-permission android:name="android.permission.FOREGROUND_SERVICE" />
28-->[androidx.work:work-runtime:2.9.0] AndroidManifest.xml:26:5-77
28-->[androidx.work:work-runtime:2.9.0] AndroidManifest.xml:26:22-74
29
30    <permission
30-->[androidx.core:core:1.9.0] AndroidManifest.xml:22:5-24:47
31        android:name="com.contractaiscan.app.DYNAMIC_RECEIVER_NOT_EXPORTED_PERMISSION"
31-->[androidx.core:core:1.9.0] AndroidManifest.xml:23:9-81
32        android:protectionLevel="signature" />
32-->[androidx.core:core:1.9.0] AndroidManifest.xml:24:9-44
33
34    <uses-permission android:name="com.contractaiscan.app.DYNAMIC_RECEIVER_NOT_EXPORTED_PERMISSION" />
34-->[androidx.core:core:1.9.0] AndroidManifest.xml:26:5-97
34-->[androidx.core:core:1.9.0] AndroidManifest.xml:26:22-94
35
36    <application
36-->src/main/AndroidManifest.xml:7:5-78:19
37        android:allowBackup="true"
37-->src/main/AndroidManifest.xml:8:9-35
38        android:appComponentFactory="androidx.core.app.CoreComponentFactory"
38-->[androidx.core:core:1.9.0] AndroidManifest.xml:28:18-86
39        android:extractNativeLibs="false"
40        android:icon="@mipmap/ic_launcher"
40-->src/main/AndroidManifest.xml:9:9-43
41        android:label="@string/app_name"
41-->src/main/AndroidManifest.xml:11:9-41
42        android:roundIcon="@mipmap/ic_launcher_round"
42-->src/main/AndroidManifest.xml:10:9-54
43        android:supportsRtl="true"
43-->src/main/AndroidManifest.xml:12:9-35
44        android:theme="@style/Theme.ContractAI" >
44-->src/main/AndroidManifest.xml:13:9-48
45        <activity
45-->src/main/AndroidManifest.xml:15:9-66:20
46            android:name="com.google.androidbrowserhelper.trusted.LauncherActivity"
46-->src/main/AndroidManifest.xml:16:13-84
47            android:exported="true"
47-->src/main/AndroidManifest.xml:17:13-36
48            android:label="@string/app_name" >
48-->src/main/AndroidManifest.xml:18:13-45
49            <meta-data
49-->src/main/AndroidManifest.xml:20:13-22:51
50                android:name="android.support.customtabs.trusted.DEFAULT_URL"
50-->src/main/AndroidManifest.xml:21:17-78
51                android:value="@string/twa_url" />
51-->src/main/AndroidManifest.xml:22:17-48
52            <meta-data
52-->src/main/AndroidManifest.xml:24:13-26:58
53                android:name="android.support.customtabs.trusted.STATUS_BAR_COLOR"
53-->src/main/AndroidManifest.xml:25:17-83
54                android:resource="@color/colorPrimary" />
54-->src/main/AndroidManifest.xml:26:17-55
55            <meta-data
55-->src/main/AndroidManifest.xml:28:13-30:58
56                android:name="android.support.customtabs.trusted.STATUS_BAR_COLOR_DARK"
56-->src/main/AndroidManifest.xml:29:17-88
57                android:resource="@color/colorPrimary" />
57-->src/main/AndroidManifest.xml:30:17-55
58            <meta-data
58-->src/main/AndroidManifest.xml:32:13-34:58
59                android:name="android.support.customtabs.trusted.NAVIGATION_BAR_COLOR"
59-->src/main/AndroidManifest.xml:33:17-87
60                android:resource="@color/colorPrimary" />
60-->src/main/AndroidManifest.xml:34:17-55
61            <meta-data
61-->src/main/AndroidManifest.xml:36:13-38:58
62                android:name="android.support.customtabs.trusted.SPLASH_SCREEN_BACKGROUND_COLOR"
62-->src/main/AndroidManifest.xml:37:17-97
63                android:resource="@color/colorPrimary" />
63-->src/main/AndroidManifest.xml:38:17-55
64            <meta-data
64-->src/main/AndroidManifest.xml:40:13-42:60
65                android:name="android.support.customtabs.trusted.SPLASH_IMAGE_DRAWABLE"
65-->src/main/AndroidManifest.xml:41:17-88
66                android:resource="@drawable/splash_icon" />
66-->src/main/AndroidManifest.xml:42:17-57
67            <meta-data
67-->src/main/AndroidManifest.xml:44:13-46:39
68                android:name="android.support.customtabs.trusted.SPLASH_SCREEN_FADE_OUT_DURATION"
68-->src/main/AndroidManifest.xml:45:17-98
69                android:value="300" />
69-->src/main/AndroidManifest.xml:46:17-36
70            <meta-data
70-->src/main/AndroidManifest.xml:48:13-50:71
71                android:name="android.support.customtabs.trusted.FILE_PROVIDER_AUTHORITY"
71-->src/main/AndroidManifest.xml:49:17-90
72                android:value="com.contractaiscan.app.fileprovider" />
72-->src/main/AndroidManifest.xml:50:17-68
73
74            <intent-filter>
74-->src/main/AndroidManifest.xml:52:13-55:29
75                <action android:name="android.intent.action.MAIN" />
75-->src/main/AndroidManifest.xml:53:17-69
75-->src/main/AndroidManifest.xml:53:25-66
76
77                <category android:name="android.intent.category.LAUNCHER" />
77-->src/main/AndroidManifest.xml:54:17-77
77-->src/main/AndroidManifest.xml:54:27-74
78            </intent-filter>
79            <intent-filter android:autoVerify="true" >
79-->src/main/AndroidManifest.xml:57:13-64:29
79-->src/main/AndroidManifest.xml:57:28-53
80                <action android:name="android.intent.action.VIEW" />
80-->src/main/AndroidManifest.xml:58:17-69
80-->src/main/AndroidManifest.xml:58:25-66
81
82                <category android:name="android.intent.category.DEFAULT" />
82-->src/main/AndroidManifest.xml:59:17-76
82-->src/main/AndroidManifest.xml:59:27-73
83                <category android:name="android.intent.category.BROWSABLE" />
83-->src/main/AndroidManifest.xml:60:17-78
83-->src/main/AndroidManifest.xml:60:27-75
84
85                <data
85-->src/main/AndroidManifest.xml:61:17-63:86
86                    android:host="contract-ai-web-app--contractscanner.replit.app"
86-->src/main/AndroidManifest.xml:63:21-83
87                    android:scheme="https" />
87-->src/main/AndroidManifest.xml:62:21-43
88            </intent-filter>
89        </activity>
90
91        <provider
91-->src/main/AndroidManifest.xml:68:9-76:20
92            android:name="androidx.core.content.FileProvider"
92-->src/main/AndroidManifest.xml:69:13-62
93            android:authorities="com.contractaiscan.app.fileprovider"
93-->src/main/AndroidManifest.xml:70:13-70
94            android:exported="false"
94-->src/main/AndroidManifest.xml:71:13-37
95            android:grantUriPermissions="true" >
95-->src/main/AndroidManifest.xml:72:13-47
96            <meta-data
96-->src/main/AndroidManifest.xml:73:13-75:54
97                android:name="android.support.FILE_PROVIDER_PATHS"
97-->src/main/AndroidManifest.xml:74:17-67
98                android:resource="@xml/file_paths" />
98-->src/main/AndroidManifest.xml:75:17-51
99        </provider>
100        <provider
100-->[androidx.work:work-runtime:2.9.0] AndroidManifest.xml:29:9-37:20
101            android:name="androidx.startup.InitializationProvider"
101-->[androidx.work:work-runtime:2.9.0] AndroidManifest.xml:30:13-67
102            android:authorities="com.contractaiscan.app.androidx-startup"
102-->[androidx.work:work-runtime:2.9.0] AndroidManifest.xml:31:13-68
103            android:exported="false" >
103-->[androidx.work:work-runtime:2.9.0] AndroidManifest.xml:32:13-37
104            <meta-data
104-->[androidx.work:work-runtime:2.9.0] AndroidManifest.xml:34:13-36:52
105                android:name="androidx.work.WorkManagerInitializer"
105-->[androidx.work:work-runtime:2.9.0] AndroidManifest.xml:35:17-68
106                android:value="androidx.startup" />
106-->[androidx.work:work-runtime:2.9.0] AndroidManifest.xml:36:17-49
107            <meta-data
107-->[androidx.emoji2:emoji2:1.2.0] AndroidManifest.xml:29:13-31:52
108                android:name="androidx.emoji2.text.EmojiCompatInitializer"
108-->[androidx.emoji2:emoji2:1.2.0] AndroidManifest.xml:30:17-75
109                android:value="androidx.startup" />
109-->[androidx.emoji2:emoji2:1.2.0] AndroidManifest.xml:31:17-49
110            <meta-data
110-->[androidx.lifecycle:lifecycle-process:2.6.1] AndroidManifest.xml:29:13-31:52
111                android:name="androidx.lifecycle.ProcessLifecycleInitializer"
111-->[androidx.lifecycle:lifecycle-process:2.6.1] AndroidManifest.xml:30:17-78
112                android:value="androidx.startup" />
112-->[androidx.lifecycle:lifecycle-process:2.6.1] AndroidManifest.xml:31:17-49
113            <meta-data
113-->[androidx.profileinstaller:profileinstaller:1.3.0] AndroidManifest.xml:29:13-31:52
114                android:name="androidx.profileinstaller.ProfileInstallerInitializer"
114-->[androidx.profileinstaller:profileinstaller:1.3.0] AndroidManifest.xml:30:17-85
115                android:value="androidx.startup" />
115-->[androidx.profileinstaller:profileinstaller:1.3.0] AndroidManifest.xml:31:17-49
116        </provider>
117
118        <service
118-->[androidx.work:work-runtime:2.9.0] AndroidManifest.xml:39:9-45:35
119            android:name="androidx.work.impl.background.systemalarm.SystemAlarmService"
119-->[androidx.work:work-runtime:2.9.0] AndroidManifest.xml:40:13-88
120            android:directBootAware="false"
120-->[androidx.work:work-runtime:2.9.0] AndroidManifest.xml:41:13-44
121            android:enabled="@bool/enable_system_alarm_service_default"
121-->[androidx.work:work-runtime:2.9.0] AndroidManifest.xml:42:13-72
122            android:exported="false" />
122-->[androidx.work:work-runtime:2.9.0] AndroidManifest.xml:43:13-37
123        <service
123-->[androidx.work:work-runtime:2.9.0] AndroidManifest.xml:46:9-52:35
124            android:name="androidx.work.impl.background.systemjob.SystemJobService"
124-->[androidx.work:work-runtime:2.9.0] AndroidManifest.xml:47:13-84
125            android:directBootAware="false"
125-->[androidx.work:work-runtime:2.9.0] AndroidManifest.xml:48:13-44
126            android:enabled="@bool/enable_system_job_service_default"
126-->[androidx.work:work-runtime:2.9.0] AndroidManifest.xml:49:13-70
127            android:exported="true"
127-->[androidx.work:work-runtime:2.9.0] AndroidManifest.xml:50:13-36
128            android:permission="android.permission.BIND_JOB_SERVICE" />
128-->[androidx.work:work-runtime:2.9.0] AndroidManifest.xml:51:13-69
129        <service
129-->[androidx.work:work-runtime:2.9.0] AndroidManifest.xml:53:9-59:35
130            android:name="androidx.work.impl.foreground.SystemForegroundService"
130-->[androidx.work:work-runtime:2.9.0] AndroidManifest.xml:54:13-81
131            android:directBootAware="false"
131-->[androidx.work:work-runtime:2.9.0] AndroidManifest.xml:55:13-44
132            android:enabled="@bool/enable_system_foreground_service_default"
132-->[androidx.work:work-runtime:2.9.0] AndroidManifest.xml:56:13-77
133            android:exported="false" />
133-->[androidx.work:work-runtime:2.9.0] AndroidManifest.xml:57:13-37
134
135        <receiver
135-->[androidx.work:work-runtime:2.9.0] AndroidManifest.xml:61:9-66:35
136            android:name="androidx.work.impl.utils.ForceStopRunnable$BroadcastReceiver"
136-->[androidx.work:work-runtime:2.9.0] AndroidManifest.xml:62:13-88
137            android:directBootAware="false"
137-->[androidx.work:work-runtime:2.9.0] AndroidManifest.xml:63:13-44
138            android:enabled="true"
138-->[androidx.work:work-runtime:2.9.0] AndroidManifest.xml:64:13-35
139            android:exported="false" />
139-->[androidx.work:work-runtime:2.9.0] AndroidManifest.xml:65:13-37
140        <receiver
140-->[androidx.work:work-runtime:2.9.0] AndroidManifest.xml:67:9-77:20
141            android:name="androidx.work.impl.background.systemalarm.ConstraintProxy$BatteryChargingProxy"
141-->[androidx.work:work-runtime:2.9.0] AndroidManifest.xml:68:13-106
142            android:directBootAware="false"
142-->[androidx.work:work-runtime:2.9.0] AndroidManifest.xml:69:13-44
143            android:enabled="false"
143-->[androidx.work:work-runtime:2.9.0] AndroidManifest.xml:70:13-36
144            android:exported="false" >
144-->[androidx.work:work-runtime:2.9.0] AndroidManifest.xml:71:13-37
145            <intent-filter>
145-->[androidx.work:work-runtime:2.9.0] AndroidManifest.xml:73:13-76:29
146                <action android:name="android.intent.action.ACTION_POWER_CONNECTED" />
146-->[androidx.work:work-runtime:2.9.0] AndroidManifest.xml:74:17-87
146-->[androidx.work:work-runtime:2.9.0] AndroidManifest.xml:74:25-84
147                <action android:name="android.intent.action.ACTION_POWER_DISCONNECTED" />
147-->[androidx.work:work-runtime:2.9.0] AndroidManifest.xml:75:17-90
147-->[androidx.work:work-runtime:2.9.0] AndroidManifest.xml:75:25-87
148            </intent-filter>
149        </receiver>
150        <receiver
150-->[androidx.work:work-runtime:2.9.0] AndroidManifest.xml:78:9-88:20
151            android:name="androidx.work.impl.background.systemalarm.ConstraintProxy$BatteryNotLowProxy"
151-->[androidx.work:work-runtime:2.9.0] AndroidManifest.xml:79:13-104
152            android:directBootAware="false"
152-->[androidx.work:work-runtime:2.9.0] AndroidManifest.xml:80:13-44
153            android:enabled="false"
153-->[androidx.work:work-runtime:2.9.0] AndroidManifest.xml:81:13-36
154            android:exported="false" >
154-->[androidx.work:work-runtime:2.9.0] AndroidManifest.xml:82:13-37
155            <intent-filter>
155-->[androidx.work:work-runtime:2.9.0] AndroidManifest.xml:84:13-87:29
156                <action android:name="android.intent.action.BATTERY_OKAY" />
156-->[androidx.work:work-runtime:2.9.0] AndroidManifest.xml:85:17-77
156-->[androidx.work:work-runtime:2.9.0] AndroidManifest.xml:85:25-74
157                <action android:name="android.intent.action.BATTERY_LOW" />
157-->[androidx.work:work-runtime:2.9.0] AndroidManifest.xml:86:17-76
157-->[androidx.work:work-runtime:2.9.0] AndroidManifest.xml:86:25-73
158            </intent-filter>
159        </receiver>
160        <receiver
160-->[androidx.work:work-runtime:2.9.0] AndroidManifest.xml:89:9-99:20
161            android:name="androidx.work.impl.background.systemalarm.ConstraintProxy$StorageNotLowProxy"
161-->[androidx.work:work-runtime:2.9.0] AndroidManifest.xml:90:13-104
162            android:directBootAware="false"
162-->[androidx.work:work-runtime:2.9.0] AndroidManifest.xml:91:13-44
163            android:enabled="false"
163-->[androidx.work:work-runtime:2.9.0] AndroidManifest.xml:92:13-36
164            android:exported="false" >
164-->[androidx.work:work-runtime:2.9.0] AndroidManifest.xml:93:13-37
165            <intent-filter>
165-->[androidx.work:work-runtime:2.9.0] AndroidManifest.xml:95:13-98:29
166                <action android:name="android.intent.action.DEVICE_STORAGE_LOW" />
166-->[androidx.work:work-runtime:2.9.0] AndroidManifest.xml:96:17-83
166-->[androidx.work:work-runtime:2.9.0] AndroidManifest.xml:96:25-80
167                <action android:name="android.intent.action.DEVICE_STORAGE_OK" />
167-->[androidx.work:work-runtime:2.9.0] AndroidManifest.xml:97:17-82
167-->[androidx.work:work-runtime:2.9.0] AndroidManifest.xml:97:25-79
168            </intent-filter>
169        </receiver>
170        <receiver
170-->[androidx.work:work-runtime:2.9.0] AndroidManifest.xml:100:9-109:20
171            android:name="androidx.work.impl.background.systemalarm.ConstraintProxy$NetworkStateProxy"
171-->[androidx.work:work-runtime:2.9.0] AndroidManifest.xml:101:13-103
172            android:directBootAware="false"
172-->[androidx.work:work-runtime:2.9.0] AndroidManifest.xml:102:13-44
173            android:enabled="false"
173-->[androidx.work:work-runtime:2.9.0] AndroidManifest.xml:103:13-36
174            android:exported="false" >
174-->[androidx.work:work-runtime:2.9.0] AndroidManifest.xml:104:13-37
175            <intent-filter>
175-->[androidx.work:work-runtime:2.9.0] AndroidManifest.xml:106:13-108:29
176                <action android:name="android.net.conn.CONNECTIVITY_CHANGE" />
176-->[androidx.work:work-runtime:2.9.0] AndroidManifest.xml:107:17-79
176-->[androidx.work:work-runtime:2.9.0] AndroidManifest.xml:107:25-76
177            </intent-filter>
178        </receiver>
179        <receiver
179-->[androidx.work:work-runtime:2.9.0] AndroidManifest.xml:110:9-121:20
180            android:name="androidx.work.impl.background.systemalarm.RescheduleReceiver"
180-->[androidx.work:work-runtime:2.9.0] AndroidManifest.xml:111:13-88
181            android:directBootAware="false"
181-->[androidx.work:work-runtime:2.9.0] AndroidManifest.xml:112:13-44
182            android:enabled="false"
182-->[androidx.work:work-runtime:2.9.0] AndroidManifest.xml:113:13-36
183            android:exported="false" >
183-->[androidx.work:work-runtime:2.9.0] AndroidManifest.xml:114:13-37
184            <intent-filter>
184-->[androidx.work:work-runtime:2.9.0] AndroidManifest.xml:116:13-120:29
185                <action android:name="android.intent.action.BOOT_COMPLETED" />
185-->[androidx.work:work-runtime:2.9.0] AndroidManifest.xml:117:17-79
185-->[androidx.work:work-runtime:2.9.0] AndroidManifest.xml:117:25-76
186                <action android:name="android.intent.action.TIME_SET" />
186-->[androidx.work:work-runtime:2.9.0] AndroidManifest.xml:118:17-73
186-->[androidx.work:work-runtime:2.9.0] AndroidManifest.xml:118:25-70
187                <action android:name="android.intent.action.TIMEZONE_CHANGED" />
187-->[androidx.work:work-runtime:2.9.0] AndroidManifest.xml:119:17-81
187-->[androidx.work:work-runtime:2.9.0] AndroidManifest.xml:119:25-78
188            </intent-filter>
189        </receiver>
190        <receiver
190-->[androidx.work:work-runtime:2.9.0] AndroidManifest.xml:122:9-131:20
191            android:name="androidx.work.impl.background.systemalarm.ConstraintProxyUpdateReceiver"
191-->[androidx.work:work-runtime:2.9.0] AndroidManifest.xml:123:13-99
192            android:directBootAware="false"
192-->[androidx.work:work-runtime:2.9.0] AndroidManifest.xml:124:13-44
193            android:enabled="@bool/enable_system_alarm_service_default"
193-->[androidx.work:work-runtime:2.9.0] AndroidManifest.xml:125:13-72
194            android:exported="false" >
194-->[androidx.work:work-runtime:2.9.0] AndroidManifest.xml:126:13-37
195            <intent-filter>
195-->[androidx.work:work-runtime:2.9.0] AndroidManifest.xml:128:13-130:29
196                <action android:name="androidx.work.impl.background.systemalarm.UpdateProxies" />
196-->[androidx.work:work-runtime:2.9.0] AndroidManifest.xml:129:17-98
196-->[androidx.work:work-runtime:2.9.0] AndroidManifest.xml:129:25-95
197            </intent-filter>
198        </receiver>
199        <receiver
199-->[androidx.work:work-runtime:2.9.0] AndroidManifest.xml:132:9-142:20
200            android:name="androidx.work.impl.diagnostics.DiagnosticsReceiver"
200-->[androidx.work:work-runtime:2.9.0] AndroidManifest.xml:133:13-78
201            android:directBootAware="false"
201-->[androidx.work:work-runtime:2.9.0] AndroidManifest.xml:134:13-44
202            android:enabled="true"
202-->[androidx.work:work-runtime:2.9.0] AndroidManifest.xml:135:13-35
203            android:exported="true"
203-->[androidx.work:work-runtime:2.9.0] AndroidManifest.xml:136:13-36
204            android:permission="android.permission.DUMP" >
204-->[androidx.work:work-runtime:2.9.0] AndroidManifest.xml:137:13-57
205            <intent-filter>
205-->[androidx.work:work-runtime:2.9.0] AndroidManifest.xml:139:13-141:29
206                <action android:name="androidx.work.diagnostics.REQUEST_DIAGNOSTICS" />
206-->[androidx.work:work-runtime:2.9.0] AndroidManifest.xml:140:17-88
206-->[androidx.work:work-runtime:2.9.0] AndroidManifest.xml:140:25-85
207            </intent-filter>
208        </receiver>
209
210        <service
210-->[androidx.room:room-runtime:2.5.0] AndroidManifest.xml:24:9-28:63
211            android:name="androidx.room.MultiInstanceInvalidationService"
211-->[androidx.room:room-runtime:2.5.0] AndroidManifest.xml:25:13-74
212            android:directBootAware="true"
212-->[androidx.room:room-runtime:2.5.0] AndroidManifest.xml:26:13-43
213            android:exported="false" />
213-->[androidx.room:room-runtime:2.5.0] AndroidManifest.xml:27:13-37
214
215        <receiver
215-->[androidx.profileinstaller:profileinstaller:1.3.0] AndroidManifest.xml:34:9-52:20
216            android:name="androidx.profileinstaller.ProfileInstallReceiver"
216-->[androidx.profileinstaller:profileinstaller:1.3.0] AndroidManifest.xml:35:13-76
217            android:directBootAware="false"
217-->[androidx.profileinstaller:profileinstaller:1.3.0] AndroidManifest.xml:36:13-44
218            android:enabled="true"
218-->[androidx.profileinstaller:profileinstaller:1.3.0] AndroidManifest.xml:37:13-35
219            android:exported="true"
219-->[androidx.profileinstaller:profileinstaller:1.3.0] AndroidManifest.xml:38:13-36
220            android:permission="android.permission.DUMP" >
220-->[androidx.profileinstaller:profileinstaller:1.3.0] AndroidManifest.xml:39:13-57
221            <intent-filter>
221-->[androidx.profileinstaller:profileinstaller:1.3.0] AndroidManifest.xml:40:13-42:29
222                <action android:name="androidx.profileinstaller.action.INSTALL_PROFILE" />
222-->[androidx.profileinstaller:profileinstaller:1.3.0] AndroidManifest.xml:41:17-91
222-->[androidx.profileinstaller:profileinstaller:1.3.0] AndroidManifest.xml:41:25-88
223            </intent-filter>
224            <intent-filter>
224-->[androidx.profileinstaller:profileinstaller:1.3.0] AndroidManifest.xml:43:13-45:29
225                <action android:name="androidx.profileinstaller.action.SKIP_FILE" />
225-->[androidx.profileinstaller:profileinstaller:1.3.0] AndroidManifest.xml:44:17-85
225-->[androidx.profileinstaller:profileinstaller:1.3.0] AndroidManifest.xml:44:25-82
226            </intent-filter>
227            <intent-filter>
227-->[androidx.profileinstaller:profileinstaller:1.3.0] AndroidManifest.xml:46:13-48:29
228                <action android:name="androidx.profileinstaller.action.SAVE_PROFILE" />
228-->[androidx.profileinstaller:profileinstaller:1.3.0] AndroidManifest.xml:47:17-88
228-->[androidx.profileinstaller:profileinstaller:1.3.0] AndroidManifest.xml:47:25-85
229            </intent-filter>
230            <intent-filter>
230-->[androidx.profileinstaller:profileinstaller:1.3.0] AndroidManifest.xml:49:13-51:29
231                <action android:name="androidx.profileinstaller.action.BENCHMARK_OPERATION" />
231-->[androidx.profileinstaller:profileinstaller:1.3.0] AndroidManifest.xml:50:17-95
231-->[androidx.profileinstaller:profileinstaller:1.3.0] AndroidManifest.xml:50:25-92
232            </intent-filter>
233        </receiver>
234    </application>
235
236</manifest>